<?xml version="1.0" encoding="UTF-8"?>
<testng-results skipped="0" failed="0" ignored="0" total="1" passed="1">
  <reporter-output>
  </reporter-output>
  <suite name="Suite" duration-ms="8163" started-at="2018-05-22T20:08:24Z" finished-at="2018-05-22T20:08:32Z">
    <groups>
    </groups>
    <test name="Test" duration-ms="8163" started-at="2018-05-22T20:08:24Z" finished-at="2018-05-22T20:08:32Z">
      <class name="TestNGPractice.practice">
        <test-method status="PASS" signature="openBrowser()[pri:0, instance:TestNGPractice.practice@1d057a39]" name="openBrowser" duration-ms="8111" started-at="2018-05-22T16:08:24Z" finished-at="2018-05-22T16:08:32Z">
          <reporter-output>
          </reporter-output>
        </test-method> <!-- openBrowser -->
      </class> <!-- TestNGPractice.practice -->
    </test> <!-- Test -->
  </suite> <!-- Suite -->
</testng-results>
