<?xml version="1.0" encoding="UTF-8"?>
<testng-results skipped="0" failed="0" ignored="0" total="1" passed="1">
  <reporter-output>
  </reporter-output>
  <suite name="Default suite" duration-ms="6364" started-at="2018-05-22T19:59:26Z" finished-at="2018-05-22T19:59:32Z">
    <groups>
    </groups>
    <test name="Default test" duration-ms="6364" started-at="2018-05-22T19:59:26Z" finished-at="2018-05-22T19:59:32Z">
      <class name="TestNGPractice.practice">
        <test-method status="PASS" signature="openBrowser()[pri:0, instance:TestNGPractice.practice@1d057a39]" name="openBrowser" duration-ms="6306" started-at="2018-05-22T15:59:26Z" finished-at="2018-05-22T15:59:32Z">
          <reporter-output>
          </reporter-output>
        </test-method> <!-- openBrowser -->
      </class> <!-- TestNGPractice.practice -->
    </test> <!-- Default test -->
  </suite> <!-- Default suite -->
</testng-results>
